  [4;36;1mSQL (1.0ms)[0m   [0;1m SELECT name
 FROM sqlite_master
 WHERE type = 'table' AND NOT name = 'sqlite_sequence'
[0m
  [4;35;1mSQL (0.0ms)[0m   [0mselect sqlite_version(*)[0m
  [4;36;1mSQL (4.0ms)[0m   [0;1mCREATE TABLE "schema_migrations" ("version" varchar(255) NOT NULL) [0m
  [4;35;1mSQL (5.0ms)[0m   [0mCREATE UNIQUE INDEX "unique_schema_migrations" ON "schema_migrations" ("version")[0m
  [4;36;1mSQL (1.0ms)[0m   [0;1m SELECT name
 FROM sqlite_master
 WHERE type = 'table' AND NOT name = 'sqlite_sequence'
[0m
  [4;35;1mSQL (0.0ms)[0m   [0mSELECT version FROM schema_migrations[0m
Migrating to CreateUsers (20090809203954)
  [4;36;1mSQL (2.0ms)[0m   [0;1mCREATE TABLE "users" ("id" INTEGER PRIMARY KEY AUTOINCREMENT NOT NULL, "username" varchar(255), "email" varchar(255), "crypted_password" varchar(255), "password_salt" varchar(255), "persistence_token" varchar(255), "created_at" datetime, "updated_at" datetime) [0m
  [4;35;1mSQL (1.0ms)[0m   [0mINSERT INTO schema_migrations (version) VALUES ('20090809203954')[0m
  [4;36;1mSQL (1.0ms)[0m   [0;1m SELECT name
 FROM sqlite_master
 WHERE type = 'table' AND NOT name = 'sqlite_sequence'
[0m
  [4;35;1mSQL (0.0ms)[0m   [0mSELECT version FROM schema_migrations[0m
  [4;36;1mSQL (0.0ms)[0m   [0;1m SELECT name
 FROM sqlite_master
 WHERE type = 'table' AND NOT name = 'sqlite_sequence'
[0m
  [4;35;1mSQL (0.0ms)[0m   [0mPRAGMA index_list("users")[0m


Processing UsersController#index (for 127.0.0.1 at 2009-08-09 23:06:02) [GET]

ActionController::UnknownAction (No action responded to index. Actions: create, edit, new, and update):
  -e:2:in `load'
  -e:2

Rendering rescues/layout (not_found)


Processing UsersController#new (for 127.0.0.1 at 2009-08-09 23:07:22) [GET]
Rendering template within layouts/application
Rendering users/new

ActionView::TemplateError (undefined method `title' for #<ActionView::Base:0x57a4554>) on line #1 of app/views/users/new.html.erb:
1: <% title "New User" %>
2: 
3: <%= render :partial => 'form' %>

    app/views/users/new.html.erb:1
    -e:2:in `load'
    -e:2

Rendered rescues/_trace (131.0ms)
Rendered rescues/_request_and_response (3.0ms)
Rendering rescues/layout (internal_server_error)


Processing UsersController#new (for 127.0.0.1 at 2009-08-09 23:09:03) [GET]
Rendering template within layouts/application
Rendering users/new
Rendered users/_form (7.0ms)
Completed in 33ms (View: 18, DB: 0) | 200 OK [http://localhost/users/new]


Processing UsersController#new (for 127.0.0.1 at 2009-08-09 23:11:49) [GET]
Rendering template within layouts/application
Rendering users/new
Rendered users/_form (7.0ms)
Completed in 30ms (View: 14, DB: 0) | 200 OK [http://localhost/users/new]


Processing UsersController#create (for 127.0.0.1 at 2009-08-09 23:12:02) [POST]
  Parameters: {"user"=>{"password_confirmation"=>"storch", "username"=>"morgler", "password"=>"storch", "email"=>"matthias@orgler.de"}, "commit"=>"Submit", "authenticity_token"=>"Ua1peH08QG0TbVm/VXt1SRnpZ4zqs1w4b4St6BWWfIQ="}
  [4;36;1mUser Exists (0.0ms)[0m   [0;1mSELECT "users".id FROM "users" WHERE (LOWER("users"."email") = 'matthias@orgler.de') LIMIT 1[0m
  [4;35;1mUser Exists (0.0ms)[0m   [0mSELECT "users".id FROM "users" WHERE (LOWER("users"."username") = 'morgler') LIMIT 1[0m
  [4;36;1mUser Exists (0.0ms)[0m   [0;1mSELECT "users".id FROM "users" WHERE ("users"."persistence_token" = 'c9ff8f711f747935901c6558685956ef5db47db14e45d42b61975af88aa656d8a19de8fc3f36ee8b2ffbab433880d99bbcbd04c9447827e5b673786b24e9e437') LIMIT 1[0m
  [4;35;1mUser Create (1.0ms)[0m   [0mINSERT INTO "users" ("updated_at", "crypted_password", "username", "password_salt", "persistence_token", "email", "created_at") VALUES('2009-08-09 21:12:03', 'ae9e1ad7dcdd2f8e4d64da6370dadf880f9c33647f5729235fe390ac0ec51226e9125a8e042913101bfb03c9630110a80e94c87647d6adf7a8f7f8c4af846bf2', 'morgler', 'TVl8e17yk1MbnqbNQcZg', 'c9ff8f711f747935901c6558685956ef5db47db14e45d42b61975af88aa656d8a19de8fc3f36ee8b2ffbab433880d99bbcbd04c9447827e5b673786b24e9e437', 'matthias@orgler.de', '2009-08-09 21:12:03')[0m

NameError (undefined local variable or method `root_url' for #<UsersController:0x5729660>):
  app/controllers/users_controller.rb:10:in `create'
  -e:2:in `load'
  -e:2

Rendered rescues/_trace (70.0ms)
Rendered rescues/_request_and_response (0.0ms)
Rendering rescues/layout (internal_server_error)


Processing UsersController#new (for 127.0.0.1 at 2009-08-09 23:13:34) [GET]
Rendering template within layouts/application
Rendering users/new
Rendered users/_form (5.0ms)
Completed in 104ms (View: 11, DB: 0) | 200 OK [http://localhost/users/new]


Processing UsersController#create (for 127.0.0.1 at 2009-08-09 23:13:48) [POST]
  Parameters: {"user"=>{"password_confirmation"=>"test", "username"=>"test", "password"=>"test", "email"=>"nomail@!..."}, "commit"=>"Submit", "authenticity_token"=>"Ua1peH08QG0TbVm/VXt1SRnpZ4zqs1w4b4St6BWWfIQ="}
  [4;36;1mUser Exists (0.0ms)[0m   [0;1mSELECT "users".id FROM "users" WHERE (LOWER("users"."email") = 'nomail@!...') LIMIT 1[0m
  [4;35;1mUser Exists (0.0ms)[0m   [0mSELECT "users".id FROM "users" WHERE (LOWER("users"."username") = 'test') LIMIT 1[0m
  [4;36;1mUser Exists (0.0ms)[0m   [0;1mSELECT "users".id FROM "users" WHERE ("users"."persistence_token" = 'ed7aa51befe855481b6c30063f8e638fb9b126c5a140b416950d896c694b931c57e46b848b6d541fdb07b4cd9a95c90855a2f6d2b90e2e7f20e1e42c69acc55f') LIMIT 1[0m
Rendering template within layouts/application
Rendering users/new
Rendered users/_form (3.0ms)
Completed in 29ms (View: 6, DB: 0) | 200 OK [http://localhost/users]


Processing UsersController#create (for 127.0.0.1 at 2009-08-09 23:14:01) [POST]
  Parameters: {"user"=>{"password_confirmation"=>"notest", "username"=>"test", "password"=>"test", "email"=>"nomail@test.com"}, "commit"=>"Submit", "authenticity_token"=>"Ua1peH08QG0TbVm/VXt1SRnpZ4zqs1w4b4St6BWWfIQ="}
  [4;35;1mUser Exists (0.0ms)[0m   [0mSELECT "users".id FROM "users" WHERE (LOWER("users"."email") = 'nomail@test.com') LIMIT 1[0m
  [4;36;1mUser Exists (0.0ms)[0m   [0;1mSELECT "users".id FROM "users" WHERE (LOWER("users"."username") = 'test') LIMIT 1[0m
  [4;35;1mUser Exists (0.0ms)[0m   [0mSELECT "users".id FROM "users" WHERE ("users"."persistence_token" = '46062da2e5fb2e98724a1847a284fca822dad1357aff913053edc44a509f084c095d786f7e14b4cd2a2e459d42cffcbcbc14898a45f4da85e65dd7fab28e155c') LIMIT 1[0m
Rendering template within layouts/application
Rendering users/new
Rendered users/_form (3.0ms)
Completed in 29ms (View: 6, DB: 0) | 200 OK [http://localhost/users]
  [4;36;1mSQL (0.0ms)[0m   [0;1m SELECT name
 FROM sqlite_master
 WHERE type = 'table' AND NOT name = 'sqlite_sequence'
[0m
  [4;35;1mSQL (0.0ms)[0m   [0mSELECT version FROM schema_migrations[0m
Migrating to CreateUsers (20090809203954)
Migrating to CreateArticles (20090809211648)
  [4;36;1mSQL (0.0ms)[0m   [0;1mselect sqlite_version(*)[0m
  [4;35;1mSQL (1.0ms)[0m   [0mCREATE TABLE "articles" ("id" INTEGER PRIMARY KEY AUTOINCREMENT NOT NULL, "title" varchar(255), "body" text, "created_at" datetime, "updated_at" datetime) [0m
  [4;36;1mSQL (0.0ms)[0m   [0;1mINSERT INTO schema_migrations (version) VALUES ('20090809211648')[0m
  [4;35;1mSQL (1.0ms)[0m   [0m SELECT name
 FROM sqlite_master
 WHERE type = 'table' AND NOT name = 'sqlite_sequence'
[0m
  [4;36;1mSQL (0.0ms)[0m   [0;1mSELECT version FROM schema_migrations[0m
  [4;35;1mSQL (0.0ms)[0m   [0m SELECT name
 FROM sqlite_master
 WHERE type = 'table' AND NOT name = 'sqlite_sequence'
[0m
  [4;36;1mSQL (0.0ms)[0m   [0;1mPRAGMA index_list("articles")[0m
  [4;35;1mSQL (1.0ms)[0m   [0mPRAGMA index_list("users")[0m


Processing ArticlesController#index (for 127.0.0.1 at 2009-08-09 23:18:18) [GET]
  [4;36;1mArticle Load (1.0ms)[0m   [0;1mSELECT * FROM "articles" [0m
Rendering template within layouts/application
Rendering articles/index
Completed in 29ms (View: 19, DB: 1) | 200 OK [http://localhost/]


Processing ArticlesController#index (for 127.0.0.1 at 2009-08-09 23:20:59) [GET]
  [4;35;1mArticle Load (1.0ms)[0m   [0mSELECT * FROM "articles" [0m
Rendering template within layouts/application
Rendering articles/index
Completed in 16ms (View: 8, DB: 1) | 200 OK [http://localhost/]


Processing ArticlesController#index (for 127.0.0.1 at 2009-08-09 23:24:33) [GET]
  [4;36;1mArticle Load (1.0ms)[0m   [0;1mSELECT * FROM "articles" [0m
Rendering template within layouts/application
Rendering articles/index
Completed in 9ms (View: 3, DB: 1) | 200 OK [http://localhost/]


Processing ArticlesController#index (for 127.0.0.1 at 2009-08-10 00:04:55) [GET]
  [4;36;1mArticle Load (2.0ms)[0m   [0;1mSELECT * FROM "articles" [0m
Rendering template within layouts/application
Rendering articles/index
Completed in 30ms (View: 20, DB: 2) | 200 OK [http://localhost/]


Processing UserSessionsController#new (for 127.0.0.1 at 2009-08-10 00:04:59) [GET]
Rendering template within layouts/application
Rendering user_sessions/new
Completed in 45ms (View: 9, DB: 0) | 200 OK [http://localhost/login]


Processing UserSessionsController#create (for 127.0.0.1 at 2009-08-10 00:05:03) [POST]
  Parameters: {"commit"=>"Submit", "user_session"=>{"username"=>"morgler", "password"=>"storch"}, "authenticity_token"=>"Ua1peH08QG0TbVm/VXt1SRnpZ4zqs1w4b4St6BWWfIQ="}
  [4;35;1mUser Load (1.0ms)[0m   [0mSELECT * FROM "users" WHERE (LOWER("users".username) = 'morgler') LIMIT 1[0m
Redirected to http://localhost:3000/
Completed in 314ms (DB: 1) | 302 Found [http://localhost/user_sessions]


Processing ArticlesController#index (for 127.0.0.1 at 2009-08-10 00:05:04) [GET]
  [4;36;1mArticle Load (1.0ms)[0m   [0;1mSELECT * FROM "articles" [0m
Rendering template within layouts/application
Rendering articles/index
Completed in 20ms (View: 6, DB: 1) | 200 OK [http://localhost/]


Processing ArticlesController#index (for 127.0.0.1 at 2009-08-10 00:10:37) [GET]
  [4;35;1mArticle Load (0.0ms)[0m   [0mSELECT * FROM "articles" [0m
Rendering template within layouts/application
Rendering articles/index
  [4;36;1mUser Load (1.0ms)[0m   [0;1mSELECT * FROM "users" WHERE ("users"."id" = '1') LIMIT 1[0m
Completed in 80ms (View: 72, DB: 1) | 200 OK [http://localhost/]


Processing UsersController#edit (for 127.0.0.1 at 2009-08-10 00:11:50) [GET]
  Parameters: {"id"=>"current"}
  [4;35;1mUser Load (1.0ms)[0m   [0mSELECT * FROM "users" WHERE ("users"."id" = '1') LIMIT 1[0m
Rendering template within layouts/application
Rendering users/edit
Rendered users/_form (6.0ms)
Completed in 125ms (View: 16, DB: 1) | 200 OK [http://localhost/users/current/edit]


Processing UserSessionsController#destroy (for 127.0.0.1 at 2009-08-10 00:12:22) [GET]
  [4;36;1mUser Load (1.0ms)[0m   [0;1mSELECT * FROM "users" WHERE ("users"."id" = '1') LIMIT 1[0m
Redirected to http://localhost:3000/
Completed in 25ms (DB: 1) | 302 Found [http://localhost/logout]


Processing ArticlesController#index (for 127.0.0.1 at 2009-08-10 00:12:23) [GET]
  [4;35;1mArticle Load (1.0ms)[0m   [0mSELECT * FROM "articles" [0m
Rendering template within layouts/application
Rendering articles/index
Completed in 27ms (View: 19, DB: 1) | 200 OK [http://localhost/]
